/home/pi/SMB_PUB/Music/3_DaftPunk/PlayStuff.bash: 5: /home/pi/SMB_PUB/Music/3_DaftPunk/PlayStuff.bash: Bad substitution
pas d argument
File "\/*" not found.
/home/pi/SMB_PUB/Music/3_DaftPunk/PlayStuff.bash: 5: /home/pi/SMB_PUB/Music/3_DaftPunk/PlayStuff.bash: Bad substitution
pas d argument
File "/var/www\/*" not found.
pas d argument
Audio codec mp3 channels 2 samplerate 44100 bitspersample 16
Subtitle count: 0, state: off, index: 1, delay: 0
have a nice day ;)
Audio codec mp3 channels 2 samplerate 44100 bitspersample 16
Subtitle count: 0, state: off, index: 1, delay: 0
have a nice day ;)
Audio codec mp3 channels 2 samplerate 44100 bitspersample 16
Subtitle count: 0, state: off, index: 1, delay: 0
have a nice day ;)
Audio codec mp3 channels 2 samplerate 44100 bitspersample 16
Subtitle count: 0, state: off, index: 1, delay: 0
have a nice day ;)
Audio codec mp3 channels 2 samplerate 44100 bitspersample 16
Subtitle count: 0, state: off, index: 1, delay: 0
have a nice day ;)
Audio codec mp3 channels 2 samplerate 44100 bitspersample 16
Subtitle count: 0, state: off, index: 1, delay: 0
have a nice day ;)
Audio codec mp3 channels 2 samplerate 44100 bitspersample 16
Subtitle count: 0, state: off, index: 1, delay: 0
have a nice day ;)
Audio codec mp3 channels 2 samplerate 44100 bitspersample 16
Subtitle count: 0, state: off, index: 1, delay: 0
have a nice day ;)
Audio codec mp3 channels 2 samplerate 44100 bitspersample 16
Subtitle count: 0, state: off, index: 1, delay: 0
have a nice day ;)
have a nice day ;)
have a nice day ;)
